    INFO: 2023-01-26 01:01:38,902:               log.py:   20: Logging to C:\Users\erice\pen_reporter\app\mdpdf.log
   DEBUG: 2023-01-26 01:01:38,902:               cli.py:  103: .\report\02-infos.md
    INFO: 2023-01-26 01:01:38,903:         converter.py:   14: .\report\02-infos.md
   DEBUG: 2023-01-26 01:01:38,906:      pdf_renderer.py:  470: printSegment: <!--Disclaimers-->
   DEBUG: 2023-01-26 01:01:38,909:      pdf_renderer.py:  470: printSegment: 1. Informações
   DEBUG: 2023-01-26 01:01:38,910:      pdf_renderer.py:  470: printSegment: <!--Atualizar Infos-->
   DEBUG: 2023-01-26 01:01:38,911:      pdf_renderer.py:  470: printSegment: | | |
   DEBUG: 2023-01-26 01:01:38,913:      pdf_renderer.py:  470: printSegment:  
   DEBUG: 2023-01-26 01:01:38,913:      pdf_renderer.py:  470: printSegment: | --- | --- |
   DEBUG: 2023-01-26 01:01:38,913:      pdf_renderer.py:  470: printSegment:  
   DEBUG: 2023-01-26 01:01:38,913:      pdf_renderer.py:  470: printSegment: | 
   DEBUG: 2023-01-26 01:01:38,914:      pdf_renderer.py:  470: printSegment: Contato Técnico
   DEBUG: 2023-01-26 01:01:38,916:      pdf_renderer.py:  470: printSegment:  | 
   DEBUG: 2023-01-26 01:01:38,916:      pdf_renderer.py:  470: printSegment: anderson.h.porcel@next.b.br
   DEBUG: 2023-01-26 01:01:38,916:      pdf_renderer.py:  470: printSegment: <br/>
   DEBUG: 2023-01-26 01:01:38,917:      pdf_renderer.py:  470: printSegment: adriano.a.almeida@next.b.br
   DEBUG: 2023-01-26 01:01:38,917:      pdf_renderer.py:  470: printSegment: <br/>
   DEBUG: 2023-01-26 01:01:38,917:      pdf_renderer.py:  470: printSegment: eric.paulo@next.b.br
   DEBUG: 2023-01-26 01:01:38,917:      pdf_renderer.py:  470: printSegment:  |
   DEBUG: 2023-01-26 01:01:38,917:      pdf_renderer.py:  470: printSegment:  
   DEBUG: 2023-01-26 01:01:38,917:      pdf_renderer.py:  470: printSegment: | 
   DEBUG: 2023-01-26 01:01:38,918:      pdf_renderer.py:  470: printSegment: Data de Início / Fim
   DEBUG: 2023-01-26 01:01:38,918:      pdf_renderer.py:  470: printSegment:  | ??/??/???? 
   DEBUG: 2023-01-26 01:01:38,918:      pdf_renderer.py:  470: printSegment: >
   DEBUG: 2023-01-26 01:01:38,918:      pdf_renderer.py:  470: printSegment:  ??/??/???? |
   DEBUG: 2023-01-26 01:01:38,918:      pdf_renderer.py:  470: printSegment:  
   DEBUG: 2023-01-26 01:01:38,918:      pdf_renderer.py:  470: printSegment: | 
   DEBUG: 2023-01-26 01:01:38,918:      pdf_renderer.py:  470: printSegment: Tipo de Aplicação
   DEBUG: 2023-01-26 01:01:38,919:      pdf_renderer.py:  470: printSegment:  | ??? |
   DEBUG: 2023-01-26 01:01:38,919:      pdf_renderer.py:  470: printSegment:  
   DEBUG: 2023-01-26 01:01:38,919:      pdf_renderer.py:  470: printSegment: | 
   DEBUG: 2023-01-26 01:01:38,919:      pdf_renderer.py:  470: printSegment: Aplicação/Escopo
   DEBUG: 2023-01-26 01:01:38,919:      pdf_renderer.py:  470: printSegment:  | 
   DEBUG: 2023-01-26 01:01:38,919:      pdf_renderer.py:  470: printSegment: Host/Aplicação
   DEBUG: 2023-01-26 01:01:38,920:      pdf_renderer.py:  470: printSegment:  : ??? |
   DEBUG: 2023-01-26 01:01:38,920:      pdf_renderer.py:  470: printSegment:  
   DEBUG: 2023-01-26 01:01:38,920:      pdf_renderer.py:  470: printSegment: | 
   DEBUG: 2023-01-26 01:01:38,920:      pdf_renderer.py:  470: printSegment: Ambiente Testes
   DEBUG: 2023-01-26 01:01:38,920:      pdf_renderer.py:  470: printSegment:  | ??? |
   DEBUG: 2023-01-26 01:01:38,920:      pdf_renderer.py:  470: printSegment: 2. Uso deste relatório
   DEBUG: 2023-01-26 01:01:38,921:      pdf_renderer.py:  470: printSegment: <!--Atualizar empresa e CNPJ-->
   DEBUG: 2023-01-26 01:01:38,921:      pdf_renderer.py:  470: printSegment: Esse relatório tem a finalidade de informar brechas de segurança encontradas, sem a finalidade de corrigi-las,
   DEBUG: 2023-01-26 01:01:38,921:      pdf_renderer.py:  470: printSegment: aplicações testadas e apresentadas pertencem ao CNPJ: 60.746.948.0001-12 | 
   DEBUG: 2023-01-26 01:01:38,921:      pdf_renderer.py:  470: printSegment: Banco next
   DEBUG: 2023-01-26 01:01:38,921:      pdf_renderer.py:  470: printSegment: .
   DEBUG: 2023-01-26 01:01:38,921:      pdf_renderer.py:  470: printSegment: Todos os dados apresentados, credenciais utilizadas e vulnerabilidades apresentadas são reais, portanto são dados
   DEBUG: 2023-01-26 01:01:38,922:      pdf_renderer.py:  470: printSegment: sensíveis e confidenciais.
   DEBUG: 2023-01-26 01:01:38,922:      pdf_renderer.py:  470: printSegment: 3. Limitações
   DEBUG: 2023-01-26 01:01:38,922:      pdf_renderer.py:  470: printSegment: Resultados apresentados neste relatório refletem apenas o momento em que a aplicação foi analisada, sem garantir
   DEBUG: 2023-01-26 01:01:38,922:      pdf_renderer.py:  470: printSegment: que todas as vulnerabilidades existentes na aplicação estejam relatadas neste documento.
   DEBUG: 2023-01-26 01:01:38,923:      pdf_renderer.py:  470: printSegment: O trabalho desenvolvido pelo analista 
   DEBUG: 2023-01-26 01:01:38,923:      pdf_renderer.py:  470: printSegment: NÃO
   DEBUG: 2023-01-26 01:01:38,923:      pdf_renderer.py:  470: printSegment:  tem como objetivo corrigir as possíveis vulnerabilidades, nem proteger
   DEBUG: 2023-01-26 01:01:38,923:      pdf_renderer.py:  470: printSegment: a contratante contra ataques internos e externos, tem apenas o objetivo fazer um levantamento dos riscos e
   DEBUG: 2023-01-26 01:01:38,923:      pdf_renderer.py:  470: printSegment: recomendar formas para minimizá-los.
   DEBUG: 2023-01-26 01:01:38,924:      pdf_renderer.py:  470: printSegment: As recomendações sugeridas neste relatório devem ser testadas e validadas pela equipe técnica responsável antes de
   DEBUG: 2023-01-26 01:01:38,924:      pdf_renderer.py:  470: printSegment: serem implementadas no ambiente de produção. O analista 
   DEBUG: 2023-01-26 01:01:38,924:      pdf_renderer.py:  470: printSegment: NÃO
   DEBUG: 2023-01-26 01:01:38,924:      pdf_renderer.py:  470: printSegment:  se responsabiliza por essa implementação e
   DEBUG: 2023-01-26 01:01:38,924:      pdf_renderer.py:  470: printSegment: possíveis impactos que possam vir a ocorrer em outras aplicações ou serviços.
   DEBUG: 2023-01-26 01:01:38,924:      pdf_renderer.py:  470: printSegment: 4. Testes Realizados
   DEBUG: 2023-01-26 01:01:38,925:      pdf_renderer.py:  470: printSegment: Os testes realizados foram feitos manualmente, com uso de ferramentas de segurança a fim de auxiliar na realização
   DEBUG: 2023-01-26 01:01:38,925:      pdf_renderer.py:  470: printSegment: dos mesmos. Principais testes realizados seguem a 
   DEBUG: 2023-01-26 01:01:38,925:      pdf_renderer.py:  470: printSegment: OWASP Top 10
   DEBUG: 2023-01-26 01:01:38,925:      pdf_renderer.py:  470: printSegment:  , 
   DEBUG: 2023-01-26 01:01:38,925:      pdf_renderer.py:  470: printSegment: NIST
   DEBUG: 2023-01-26 01:01:38,925:      pdf_renderer.py:  470: printSegment:  e 
   DEBUG: 2023-01-26 01:01:38,926:      pdf_renderer.py:  470: printSegment: Top 25 SANS
   DEBUG: 2023-01-26 01:01:38,926:      pdf_renderer.py:  470: printSegment:  , dentre outras práticas
   DEBUG: 2023-01-26 01:01:38,926:      pdf_renderer.py:  470: printSegment: recomendadas pelo mercado de segurança da informação.
   DEBUG: 2023-01-26 01:01:38,926:      pdf_renderer.py:  470: printSegment: <div style="page-break-after: always; visibility: hidden"> 
   DEBUG: 2023-01-26 01:01:38,926:      pdf_renderer.py:  470: printSegment: </div>
   DEBUG: 2023-01-26 01:01:38,927:      pdf_renderer.py:   53: 0, [2, '1. Informações', 1, 110.8]
   DEBUG: 2023-01-26 01:01:38,927:      pdf_renderer.py:   53: 1, [2, '2. Uso deste relatório', 1, 210.4]
   DEBUG: 2023-01-26 01:01:38,927:      pdf_renderer.py:   53: 2, [2, '3. Limitações', 1, 328.00000000000006]
   DEBUG: 2023-01-26 01:01:38,927:      pdf_renderer.py:   53: 3, [2, '4. Testes Realizados', 1, 475.6000000000001]
   ERROR: 2023-01-26 01:01:38,927:      pdf_renderer.py:   57: Bad heading level.  More information:
Traceback (most recent call last):
  File "C:\Users\erice\AppData\Local\Packages\PythonSoftwareFoundation.Python.3.10_qbz5n2kfra8p0\LocalCache\local-packages\Python310\site-packages\mdpdf\pdf_renderer.py", line 55, in __del__
    self.doc.set_toc(self.toc)
  File "C:\Users\erice\AppData\Local\Packages\PythonSoftwareFoundation.Python.3.10_qbz5n2kfra8p0\LocalCache\local-packages\Python310\site-packages\fitz\utils.py", line 1325, in set_toc
    raise ValueError("hierarchy level of item 0 must be 1")
ValueError: hierarchy level of item 0 must be 1
    INFO: 2023-01-26 01:01:38,929:      pdf_renderer.py:   59: [2, '2. Uso deste relatório', 1, 210.4]
